bmi-calculator-flutter/build/app/outputs/mapping/release/mapping.txt
# compiler: R8
# compiler_version: 1.5.69
# min_api: 16
# pg_map_id: 27e0235
...
androidx.activity.Cancellable -> androidx.activity.a:
androidx.collection.ArrayMap -> a.a.a:
    androidx.collection.MapCollections mCollections -> h
    androidx.collection.MapCollections getCollection() -> b
androidx.collection.ArrayMap$1 -> a.a.a$a:
    androidx.collection.ArrayMap this$0 -> d
    void colClear() -> a
    java.lang.Object colGetEntry(int,int) -> a
    int colIndexOfKey(java.lang.Object) -> a
    void colPut(java.lang.Object,java.lang.Object) -> a
    void colRemoveAt(int) -> a
    java.lang.Object colSetValue(int,java.lang.Object) -> a
    java.util.Map colGetMap() -> b
    int colIndexOfValue(java.lang.Object) -> b
    int colGetSize() -> c
androidx.collection.ContainerHelpers -> a.a.b:
    java.lang.Object[] EMPTY_OBJECTS -> b
    int[] EMPTY_INTS -> a
    int binarySearch(int[],int,int) -> a
    boolean equal(java.lang.Object,java.lang.Object) -> a
androidx.collection.MapCollections -> a.a.c:
    androidx.collection.MapCollections$KeySet mKeySet -> b
    androidx.collection.MapCollections$ValuesCollection mValues -> c
    androidx.collection.MapCollections$EntrySet mEntrySet -> a
    void colClear() -> a
    java.lang.Object colGetEntry(int,int) -> a
    int colIndexOfKey(java.lang.Object) -> a
    void colPut(java.lang.Object,java.lang.Object) -> a
    void colRemoveAt(int) -> a
    java.lang.Object colSetValue(int,java.lang.Object) -> a
    boolean containsAllHelper(java.util.Map,java.util.Collection) -> a
    boolean equalsSetHelper(java.util.Set,java.lang.Object) -> a
    java.lang.Object[] toArrayHelper(java.lang.Object[],int) -> a
    java.util.Map colGetMap() -> b
    int colIndexOfValue(java.lang.Object) -> b
    boolean removeAllHelper(java.util.Map,java.util.Collection) -> b
    java.lang.Object[] toArrayHelper(int) -> b
    int colGetSize() -> c
    boolean retainAllHelper(java.util.Map,java.util.Collection) -> c
    java.util.Set getEntrySet() -> d
    java.util.Set getKeySet() -> e
    java.util.Collection getValues() -> f
androidx.collection.MapCollections$ArrayIterator -> a.a.c$a:
    androidx.collection.MapCollections this$0 -> e
    int mSize -> b
    int mIndex -> c
    int mOffset -> a
    boolean mCanRemove -> d
androidx.collection.MapCollections$EntrySet -> a.a.c$b:
    androidx.collection.MapCollections this$0 -> a
    boolean add(java.util.Map$Entry) -> a
androidx.collection.MapCollections$KeySet -> a.a.c$c:
    androidx.collection.MapCollections this$0 -> a
androidx.collection.MapCollections$MapIterator -> a.a.c$d:
    int mIndex -> b
    boolean mEntryValid -> c
    androidx.collection.MapCollections this$0 -> d
    int mEnd -> a
androidx.collection.MapCollections$ValuesCollection -> a.a.c$e:
    androidx.collection.MapCollections this$0 -> a
androidx.collection.SimpleArrayMap -> a.a.d:
    java.lang.Object[] mBaseCache -> d
    java.lang.Object[] mArray -> b
    int mTwiceBaseCacheSize -> g
    int mBaseCacheSize -> e
    int[] mHashes -> a
    int mSize -> c
    java.lang.Object[] mTwiceBaseCache -> f
    int binarySearchHashes(int[],int,int) -> a
    void ensureCapacity(int) -> a
    void freeArrays(int[],java.lang.Object[],int) -> a
    int indexOf(java.lang.Object,int) -> a
    int indexOfKey(java.lang.Object) -> a
    int indexOfNull() -> a
    java.lang.Object setValueAt(int,java.lang.Object) -> a
    int indexOfValue(java.lang.Object) -> b
    java.lang.Object keyAt(int) -> b
    java.lang.Object removeAt(int) -> c
    java.lang.Object valueAt(int) -> d
    void allocArrays(int) -> e
androidx.core.app.CoreComponentFactory -> androidx.core.app.CoreComponentFactory:
    java.lang.Object checkCompatWrapper(java.lang.Object) -> a
androidx.core.app.CoreComponentFactory$CompatWrapped -> androidx.core.app.CoreComponentFactory$a:
    java.lang.Object getWrapper() -> a